Unity Editor version:    2020.3.46f1 (18bc01a066b4)
Branch:                  2020.3/staging
Build type:              Release
Batch mode:              YES
macOS version:           Version 12.5 (Build 21G72)
Darwin version:          21.6.0
Architecture:            x86_64
Running under Rosetta:   NO
Available memory:        8192 MB
Using pre-set license
Pro License: NO

COMMAND LINE ARGUMENTS:
/Applications/Unity/Hub/Editor/2020.3.46f1/Unity.app/Contents/MacOS/Unity
-adb2
-batchMode
-noUpm
-name
AssetImportWorker0
-projectPath
/Users/yonahbole/Unity_Projects/2D_Platformer/Udemy 2D Platformer
-logFile
Logs/AssetImportWorker0.log
-srvPort
52310
Successfully changed project path to: /Users/yonahbole/Unity_Projects/2D_Platformer/Udemy 2D Platformer
/Users/yonahbole/Unity_Projects/2D_Platformer/Udemy 2D Platformer
Using Asset Import Pipeline V2.
Player connection [4631741952] Host "[IP] 192.168.1.28 [Port] 0 [Flags] 2 [Guid] 1019765667 [EditorId] 1019765667 [Version] 1048832 [Id] OSXEditor(0,yonah-bole.home) [Debug] 1 [PackageName] OSXEditor [ProjectName] Editor" joined multi-casting on [225.0.0.222:54997]...

Player connection [4631741952] Host "[IP] 192.168.1.28 [Port] 0 [Flags] 2 [Guid] 1019765667 [EditorId] 1019765667 [Version] 1048832 [Id] OSXEditor(0,yonah-bole.home) [Debug] 1 [PackageName] OSXEditor [ProjectName] Editor" joined alternative multi-casting on [225.0.0.222:34997]...

Refreshing native plugins compatible for Editor in 103.69 ms, found 3 plugins.
Preloading 0 native plugins for Editor in 0.00 ms.
Initialize engine version: 2020.3.46f1 (18bc01a066b4)
[Subsystems] Discovering subsystems at path /Applications/Unity/Hub/Editor/2020.3.46f1/Unity.app/Contents/Resources/UnitySubsystems
[Subsystems] Discovering subsystems at path /Users/yonahbole/Unity_Projects/2D_Platformer/Udemy 2D Platformer/Assets
GfxDevice: creating device client; threaded=0
2023-03-31 18:12:35.477 Unity[8080:465935] Thunderbolt Display preferred device: Intel(R) Iris(TM) Graphics 550 (low power)
2023-03-31 18:12:35.477 Unity[8080:465935] Metal devices available: 1
2023-03-31 18:12:35.477 Unity[8080:465935] 0: Intel(R) Iris(TM) Graphics 550 (low power)
2023-03-31 18:12:35.477 Unity[8080:465935] Using device Intel(R) Iris(TM) Graphics 550 (low power)
Initializing Metal device caps: Intel(R) Iris(TM) Graphics 550
Initialize mono
Mono path[0] = '/Applications/Unity/Hub/Editor/2020.3.46f1/Unity.app/Contents/Managed'
Mono path[1] = '/Applications/Unity/Hub/Editor/2020.3.46f1/Unity.app/Contents/MonoBleedingEdge/lib/mono/unityjit'
Mono config path = '/Applications/Unity/Hub/Editor/2020.3.46f1/Unity.app/Contents/MonoBleedingEdge/etc'
Using monoOptions --debugger-agent=transport=dt_socket,embedding=1,server=y,suspend=n,address=127.0.0.1:56080
Begin MonoManager ReloadAssembly
Registering precompiled unity dll's ...
Register platform support module: /Applications/Unity/Hub/Editor/2020.3.46f1/Unity.app/Contents/PlaybackEngines/MacStandaloneSupport/UnityEditor.OSXStandalone.Extensions.dll
Registered in 0.003898 seconds.
Native extension for OSXStandalone target not found
Refreshing native plugins compatible for Editor in 60.56 ms, found 3 plugins.
Preloading 0 native plugins for Editor in 0.00 ms.
Mono: successfully reloaded assembly
- Completed reload, in  1.028 seconds
Domain Reload Profiling:
	ReloadAssembly (1029ms)
		BeginReloadAssembly (145ms)
			ExecutionOrderSort (0ms)
			DisableScriptedObjects (0ms)
			BackupInstance (0ms)
			ReleaseScriptingObjects (0ms)
			CreateAndSetChildDomain (1ms)
		EndReloadAssembly (765ms)
			LoadAssemblies (147ms)
			RebuildTransferFunctionScriptingTraits (0ms)
			SetupTypeCache (280ms)
			ReleaseScriptCaches (0ms)
			RebuildScriptCaches (59ms)
			SetupLoadedEditorAssemblies (294ms)
				LogAssemblyErrors (0ms)
				InitializePlatformSupportModulesInManaged (6ms)
				SetLoadedEditorAssemblies (0ms)
				RefreshPlugins (61ms)
				BeforeProcessingInitializeOnLoad (16ms)
				ProcessInitializeOnLoadAttributes (161ms)
				ProcessInitializeOnLoadMethodAttributes (49ms)
				AfterProcessingInitializeOnLoad (0ms)
				EditorAssembliesLoaded (0ms)
			ExecutionOrderSort2 (0ms)
			AwakeInstancesAfterBackupRestoration (0ms)
Platform modules already initialized, skipping
Registering precompiled user dll's ...
Registered in 0.009797 seconds.
Begin MonoManager ReloadAssembly
Native extension for OSXStandalone target not found
Refreshing native plugins compatible for Editor in 50.84 ms, found 3 plugins.
Preloading 0 native plugins for Editor in 0.00 ms.
Mono: successfully reloaded assembly
- Completed reload, in  1.587 seconds
Domain Reload Profiling:
	ReloadAssembly (1591ms)
		BeginReloadAssembly (199ms)
			ExecutionOrderSort (0ms)
			DisableScriptedObjects (7ms)
			BackupInstance (0ms)
			ReleaseScriptingObjects (0ms)
			CreateAndSetChildDomain (43ms)
		EndReloadAssembly (1310ms)
			LoadAssemblies (149ms)
			RebuildTransferFunctionScriptingTraits (0ms)
			SetupTypeCache (450ms)
			ReleaseScriptCaches (1ms)
			RebuildScriptCaches (76ms)
			SetupLoadedEditorAssemblies (482ms)
				LogAssemblyErrors (0ms)
				InitializePlatformSupportModulesInManaged (4ms)
				SetLoadedEditorAssemblies (0ms)
				RefreshPlugins (51ms)
				BeforeProcessingInitializeOnLoad (92ms)
				ProcessInitializeOnLoadAttributes (310ms)
				ProcessInitializeOnLoadMethodAttributes (24ms)
				AfterProcessingInitializeOnLoad (1ms)
				EditorAssembliesLoaded (0ms)
			ExecutionOrderSort2 (0ms)
			AwakeInstancesAfterBackupRestoration (3ms)
Platform modules already initialized, skipping
Validating Project structure ... 0.006779 seconds.
Shader import version has changed; will reimport all shaders...
Upgrading shader files ...0.004913 seconds.
Application.AssetDatabase Initial Script Refresh Start
RefreshInfo: InitialScriptRefreshV2(NoUpdateAssetOptions) scanfilter:  ... 1 filters
RefreshProfiler: Total: 0.000ms
Application.AssetDatabase Initial Script Refresh End
Application.AssetDatabase.Refresh Start
Application.AssetDatabase.Refresh End
RefreshInfo: StopAssetImportingV2(ForceSynchronousImport) scanfilter: 
RefreshProfiler: Total: 0.000ms
Launching external process: /Applications/Unity/Hub/Editor/2020.3.46f1/Unity.app/Contents/Tools/UnityShaderCompiler
Launched and connected shader compiler UnityShaderCompiler after 0.02 seconds
Initializing Unity extensions:
2023-03-31 18:12:41.874 Unity[8080:465935] NSEventModifierFlagFunction specified to -setKeyEquivalentModifierMask: for item <NSMenuItem: 0x7fd7ed8128d0 Font Asset, ke='Command-F12'>, but is only supported for system-provided menu items; will not be used
2023-03-31 18:12:41.879 Unity[8080:465935] NSEventModifierFlagFunction specified to -setKeyEquivalentModifierMask: for item <NSMenuItem: 0x7fd7ed825130 Font Asset, ke='Command-F12'>, but is only supported for system-provided menu items; will not be used
========================================================================
Worker process is ready to serve import requests
Refreshing native plugins compatible for Editor in 0.59 ms, found 3 plugins.
Preloading 0 native plugins for Editor in 0.00 ms.
Unloading 2027 Unused Serialized files (Serialized files now loaded: 0)
System memory in use before: 108.3 MB.
System memory in use after: 107.5 MB.

Unloading 116 unused Assets to reduce memory usage. Loaded Objects now: 2499.
Total: 5.144677 ms (FindLiveObjects: 0.238553 ms CreateObjectMapping: 0.110674 ms MarkObjects: 3.900804 ms  DeleteObjects: 0.892959 ms)

AssetImportParameters requested are different than current active one (requested -> active):
  custom:video-decoder-ogg-theora: a1e56fd34408186e4bbccfd4996cb3dc -> 
  custom:container-muxer-webm: aa71ff27fc2769a1b78a27578f13a17b -> 
  custom:container-demuxer-webm: 4f35f7cbe854078d1ac9338744f61a02 -> 
  custom:container-demuxer-ogg: 62fdf1f143b41e24485cea50d1cbac27 -> 
  custom:video-encoder-webm-vp8: eb34c28f22e8b96e1ab97ce403110664 -> 
  custom:framework-osx-AVFoundation: e770b220cccbd017edd2c1fefb359320 -> 
  custom:video-decoder-webm-vp8: 9c59270c3fd7afecdb556c50c9e8de78 -> 
  custom:audio-decoder-ogg-vorbis: bf7c407c2cedff20999df2af8eb42d56 -> 
  custom:audio-encoder-webm-vorbis: bf7c407c2cedff20999df2af8eb42d56 -> 
========================================================================
Received Import Request.
  path: ProjectSettings/TagManager.asset
  artifactKey: Guid(00000000000000003000000000000000) Importer(815301076,1909f56bfc062723c751e8b465ee728b)
Start importing ProjectSettings/TagManager.asset using Guid(00000000000000003000000000000000) Importer(815301076,1909f56bfc062723c751e8b465ee728b)  -> (artifact id: '277779efb78d9f57dbf7cd43a6ebd4ee') in 0.233538 seconds 
========================================================================
Received Import Request.
  Time since last request: 250.802757 seconds.
  path: Assets/Prefabs/Pickups
  artifactKey: Guid(5674fcbea5597479fa54eeb7104ae441) Importer(815301076,1909f56bfc062723c751e8b465ee728b)
Start importing Assets/Prefabs/Pickups using Guid(5674fcbea5597479fa54eeb7104ae441) Importer(815301076,1909f56bfc062723c751e8b465ee728b)  -> (artifact id: 'ddcd8372979a4f4835b23ad67fdee39d') in 0.003355 seconds 
========================================================================
Received Import Request.
  Time since last request: 8.047252 seconds.
  path: Assets/Prefabs/Pickups/Health Pickup.prefab
  artifactKey: Guid(d84d3e77b43d4492794eb584fbf74672) Importer(815301076,1909f56bfc062723c751e8b465ee728b)
Start importing Assets/Prefabs/Pickups/Health Pickup.prefab using Guid(d84d3e77b43d4492794eb584fbf74672) Importer(815301076,1909f56bfc062723c751e8b465ee728b)  -> (artifact id: 'ea38ab62bbf4a79a55c93c94ea8ac917') in 0.250223 seconds 
========================================================================
Received Import Request.
  Time since last request: 3.011045 seconds.
  path: Assets/Prefabs/Pickups/Gem Pickup.prefab
  artifactKey: Guid(96242cb6c12f240cd8f1423fc31c1e2d) Importer(815301076,1909f56bfc062723c751e8b465ee728b)
Start importing Assets/Prefabs/Pickups/Gem Pickup.prefab using Guid(96242cb6c12f240cd8f1423fc31c1e2d) Importer(815301076,1909f56bfc062723c751e8b465ee728b)  -> (artifact id: 'f461ba64335c86c05aa106ec9a572482') in 0.020868 seconds 
========================================================================
Received Import Request.
  Time since last request: 18.439016 seconds.
  path: Assets/Prefabs/Checkpoint.prefab
  artifactKey: Guid(0e374152d2629454abf0a493c030e2ca) Importer(815301076,1909f56bfc062723c751e8b465ee728b)
Start importing Assets/Prefabs/Checkpoint.prefab using Guid(0e374152d2629454abf0a493c030e2ca) Importer(815301076,1909f56bfc062723c751e8b465ee728b)  -> (artifact id: '88c3ba42c8900a5fc5357498f98840aa') in 0.018459 seconds 
========================================================================
Received Import Request.
  Time since last request: 47.185010 seconds.
  path: Assets/Prefabs/Effects/Pickup Effect.prefab
  artifactKey: Guid(c583649a2c8604059b5893cff6a5d7ac) Importer(815301076,1909f56bfc062723c751e8b465ee728b)
Start importing Assets/Prefabs/Effects/Pickup Effect.prefab using Guid(c583649a2c8604059b5893cff6a5d7ac) Importer(815301076,1909f56bfc062723c751e8b465ee728b)  -> (artifact id: '4422980b5bcc18d4e4f969a6408a00a6') in 0.022571 seconds 
========================================================================
Received Import Request.
  Time since last request: 625.772316 seconds.
  path: Assets/Prefabs/Effects/Death Effect.prefab
  artifactKey: Guid(2f1e4a93c1e4343fe872f08bb8907e22) Importer(815301076,1909f56bfc062723c751e8b465ee728b)
Start importing Assets/Prefabs/Effects/Death Effect.prefab using Guid(2f1e4a93c1e4343fe872f08bb8907e22) Importer(815301076,1909f56bfc062723c751e8b465ee728b)  -> (artifact id: 'b2d1d65fcc2d565b1ee2637deb7606d0') in 0.008829 seconds 
========================================================================
Received Prepare
Registering precompiled user dll's ...
Registered in 0.002132 seconds.
Begin MonoManager ReloadAssembly
Native extension for OSXStandalone target not found
Refreshing native plugins compatible for Editor in 0.59 ms, found 3 plugins.
Preloading 0 native plugins for Editor in 0.00 ms.
2023-03-31 19:03:56.131 Unity[8080:465935] NSEventModifierFlagFunction specified to -setKeyEquivalentModifierMask: for item <NSMenuItem: 0x7fd7eb830db0 Font Asset, ke='Command-F12'>, but is only supported for system-provided menu items; will not be used
Mono: successfully reloaded assembly
- Completed reload, in  1.841 seconds
Domain Reload Profiling:
	ReloadAssembly (1842ms)
		BeginReloadAssembly (227ms)
			ExecutionOrderSort (0ms)
			DisableScriptedObjects (18ms)
			BackupInstance (0ms)
			ReleaseScriptingObjects (0ms)
			CreateAndSetChildDomain (115ms)
		EndReloadAssembly (1509ms)
			LoadAssemblies (148ms)
			RebuildTransferFunctionScriptingTraits (0ms)
			SetupTypeCache (537ms)
			ReleaseScriptCaches (1ms)
			RebuildScriptCaches (96ms)
			SetupLoadedEditorAssemblies (542ms)
				LogAssemblyErrors (0ms)
				InitializePlatformSupportModulesInManaged (7ms)
				SetLoadedEditorAssemblies (1ms)
				RefreshPlugins (1ms)
				BeforeProcessingInitializeOnLoad (191ms)
				ProcessInitializeOnLoadAttributes (323ms)
				ProcessInitializeOnLoadMethodAttributes (18ms)
				AfterProcessingInitializeOnLoad (1ms)
				EditorAssembliesLoaded (0ms)
			ExecutionOrderSort2 (0ms)
			AwakeInstancesAfterBackupRestoration (7ms)
Platform modules already initialized, skipping
Refreshing native plugins compatible for Editor in 0.65 ms, found 3 plugins.
Preloading 0 native plugins for Editor in 0.00 ms.
Unloading 2021 Unused Serialized files (Serialized files now loaded: 0)
System memory in use before: 114.4 MB.
System memory in use after: 114.4 MB.

Unloading 22 unused Assets to reduce memory usage. Loaded Objects now: 2510.
Total: 3.928214 ms (FindLiveObjects: 0.190093 ms CreateObjectMapping: 0.088618 ms MarkObjects: 3.441196 ms  DeleteObjects: 0.207285 ms)

AssetImportParameters requested are different than current active one (requested -> active):
  custom:video-decoder-ogg-theora: a1e56fd34408186e4bbccfd4996cb3dc -> 
  custom:container-muxer-webm: aa71ff27fc2769a1b78a27578f13a17b -> 
  custom:container-demuxer-webm: 4f35f7cbe854078d1ac9338744f61a02 -> 
  custom:container-demuxer-ogg: 62fdf1f143b41e24485cea50d1cbac27 -> 
  custom:video-encoder-webm-vp8: eb34c28f22e8b96e1ab97ce403110664 -> 
  custom:framework-osx-AVFoundation: e770b220cccbd017edd2c1fefb359320 -> 
  custom:video-decoder-webm-vp8: 9c59270c3fd7afecdb556c50c9e8de78 -> 
  custom:audio-decoder-ogg-vorbis: bf7c407c2cedff20999df2af8eb42d56 -> 
  custom:audio-encoder-webm-vorbis: bf7c407c2cedff20999df2af8eb42d56 -> 
========================================================================
Received Prepare
Registering precompiled user dll's ...
Registered in 0.002023 seconds.
Begin MonoManager ReloadAssembly
Native extension for OSXStandalone target not found
Refreshing native plugins compatible for Editor in 0.72 ms, found 3 plugins.
Preloading 0 native plugins for Editor in 0.00 ms.
2023-03-31 19:04:47.289 Unity[8080:465935] NSEventModifierFlagFunction specified to -setKeyEquivalentModifierMask: for item <NSMenuItem: 0x7fd7ef2d7960 Font Asset, ke='Command-F12'>, but is only supported for system-provided menu items; will not be used
Mono: successfully reloaded assembly
- Completed reload, in  1.864 seconds
Domain Reload Profiling:
	ReloadAssembly (1864ms)
		BeginReloadAssembly (243ms)
			ExecutionOrderSort (0ms)
			DisableScriptedObjects (11ms)
			BackupInstance (0ms)
			ReleaseScriptingObjects (0ms)
			CreateAndSetChildDomain (97ms)
		EndReloadAssembly (1516ms)
			LoadAssemblies (206ms)
			RebuildTransferFunctionScriptingTraits (0ms)
			SetupTypeCache (542ms)
			ReleaseScriptCaches (1ms)
			RebuildScriptCaches (87ms)
			SetupLoadedEditorAssemblies (559ms)
				LogAssemblyErrors (0ms)
				InitializePlatformSupportModulesInManaged (7ms)
				SetLoadedEditorAssemblies (1ms)
				RefreshPlugins (1ms)
				BeforeProcessingInitializeOnLoad (180ms)
				ProcessInitializeOnLoadAttributes (349ms)
				ProcessInitializeOnLoadMethodAttributes (20ms)
				AfterProcessingInitializeOnLoad (1ms)
				EditorAssembliesLoaded (0ms)
			ExecutionOrderSort2 (0ms)
			AwakeInstancesAfterBackupRestoration (8ms)
Platform modules already initialized, skipping
Refreshing native plugins compatible for Editor in 0.65 ms, found 3 plugins.
Preloading 0 native plugins for Editor in 0.00 ms.
Unloading 2021 Unused Serialized files (Serialized files now loaded: 0)
System memory in use before: 114.4 MB.
System memory in use after: 114.4 MB.

Unloading 20 unused Assets to reduce memory usage. Loaded Objects now: 2513.
Total: 4.011050 ms (FindLiveObjects: 0.266194 ms CreateObjectMapping: 0.132523 ms MarkObjects: 3.472281 ms  DeleteObjects: 0.138873 ms)

AssetImportParameters requested are different than current active one (requested -> active):
  custom:video-decoder-ogg-theora: a1e56fd34408186e4bbccfd4996cb3dc -> 
  custom:container-muxer-webm: aa71ff27fc2769a1b78a27578f13a17b -> 
  custom:container-demuxer-webm: 4f35f7cbe854078d1ac9338744f61a02 -> 
  custom:container-demuxer-ogg: 62fdf1f143b41e24485cea50d1cbac27 -> 
  custom:video-encoder-webm-vp8: eb34c28f22e8b96e1ab97ce403110664 -> 
  custom:framework-osx-AVFoundation: e770b220cccbd017edd2c1fefb359320 -> 
  custom:video-decoder-webm-vp8: 9c59270c3fd7afecdb556c50c9e8de78 -> 
  custom:audio-decoder-ogg-vorbis: bf7c407c2cedff20999df2af8eb42d56 -> 
  custom:audio-encoder-webm-vorbis: bf7c407c2cedff20999df2af8eb42d56 -> 
========================================================================
Received Import Request.
  Time since last request: 2205.938574 seconds.
  path: Assets/Prefabs/Player.prefab
  artifactKey: Guid(60ef21209f54a4ec1ab53446a6ecd730) Importer(815301076,1909f56bfc062723c751e8b465ee728b)
Start importing Assets/Prefabs/Player.prefab using Guid(60ef21209f54a4ec1ab53446a6ecd730) Importer(815301076,1909f56bfc062723c751e8b465ee728b)  -> (artifact id: '075643a530e0aa66a3daa5540edaac1c') in 0.112991 seconds 
========================================================================
Received Import Request.
  Time since last request: 2.359017 seconds.
  path: Assets/Prefabs/Pickups/Gem Pickup.prefab
  artifactKey: Guid(96242cb6c12f240cd8f1423fc31c1e2d) Importer(815301076,1909f56bfc062723c751e8b465ee728b)
Start importing Assets/Prefabs/Pickups/Gem Pickup.prefab using Guid(96242cb6c12f240cd8f1423fc31c1e2d) Importer(815301076,1909f56bfc062723c751e8b465ee728b)  -> (artifact id: 'aef5f1bf65005f4c7586675ac9f6983e') in 0.020284 seconds 
========================================================================
Received Import Request.
  Time since last request: 0.000443 seconds.
  path: Assets/Prefabs/Pickups/Health Pickup.prefab
  artifactKey: Guid(d84d3e77b43d4492794eb584fbf74672) Importer(815301076,1909f56bfc062723c751e8b465ee728b)
Start importing Assets/Prefabs/Pickups/Health Pickup.prefab using Guid(d84d3e77b43d4492794eb584fbf74672) Importer(815301076,1909f56bfc062723c751e8b465ee728b)  -> (artifact id: '1b5b2eb476da478f4477481c90e4c4e7') in 0.022078 seconds 
========================================================================
Received Import Request.
  Time since last request: 27.272478 seconds.
  path: Assets/Prefabs/Level Objects
  artifactKey: Guid(99dd63a0651034bca962378b39746d8a) Importer(815301076,1909f56bfc062723c751e8b465ee728b)
Start importing Assets/Prefabs/Level Objects using Guid(99dd63a0651034bca962378b39746d8a) Importer(815301076,1909f56bfc062723c751e8b465ee728b)  -> (artifact id: '4789be4280791be15003bdb342047025') in 0.005234 seconds 
========================================================================
Received Import Request.
  Time since last request: 4.546424 seconds.
  path: Assets/Prefabs/Level Objects/Spikes.prefab
  artifactKey: Guid(fa8a2aec1684f4edf8a80e081ea0b5c0) Importer(815301076,1909f56bfc062723c751e8b465ee728b)
Start importing Assets/Prefabs/Level Objects/Spikes.prefab using Guid(fa8a2aec1684f4edf8a80e081ea0b5c0) Importer(815301076,1909f56bfc062723c751e8b465ee728b)  -> (artifact id: 'ff1cd8c2dbd0344c8697ef6e4afffe05') in 0.017869 seconds 
